Compiled jquery.min.js  (3ms)  (pid 4036)
Compiled circle.player.js  (2ms)  (pid 4036)
Compiled code.photoswipe-3.0.5.js  (7ms)  (pid 4036)
Compiled code.photoswipe-3.0.5.min.js  (3ms)  (pid 4036)
Compiled code.photoswipe.jquery-3.0.5.min.js  (3ms)  (pid 4036)
Compiled ga.js  (2ms)  (pid 4036)
Compiled gallery.js  (1ms)  (pid 4036)
Compiled home.js  (0ms)  (pid 4036)
Compiled jplayer.playlist.min.js  (1ms)  (pid 4036)
Compiled jquery.easing.js  (2ms)  (pid 4036)
Compiled jquery.grab.js  (1ms)  (pid 4036)
Compiled jquery.jplayer.inspector.js  (1ms)  (pid 4036)
Compiled jquery.jplayer.min.js  (2ms)  (pid 4036)
Compiled jquery.tn3lite.min.js  (2ms)  (pid 4036)
Compiled jquery.transform2d.js  (1ms)  (pid 4036)
Compiled klass.min.js  (1ms)  (pid 4036)
Compiled load.js  (1ms)  (pid 4036)
Compiled mod.csstransforms.min.js  (0ms)  (pid 4036)
Compiled prettify-jPlayer.js  (1ms)  (pid 4036)
Compiled themeswitcher.js  (0ms)  (pid 4036)
Compiled application.js  (505ms)  (pid 4036)
Compiled jquery.min.js  (3ms)  (pid 4246)
Compiled circle.player.js  (2ms)  (pid 4246)
Compiled code.photoswipe-3.0.5.js  (6ms)  (pid 4246)
Compiled code.photoswipe-3.0.5.min.js  (3ms)  (pid 4246)
Compiled code.photoswipe.jquery-3.0.5.min.js  (53ms)  (pid 4246)
Compiled ga.js  (2ms)  (pid 4246)
Compiled gallery.js  (1ms)  (pid 4246)
Compiled home.js  (0ms)  (pid 4246)
Compiled jplayer.playlist.min.js  (1ms)  (pid 4246)
Compiled jquery.easing.js  (2ms)  (pid 4246)
Compiled jquery.grab.js  (1ms)  (pid 4246)
Compiled jquery.jplayer.inspector.js  (1ms)  (pid 4246)
Compiled jquery.jplayer.min.js  (2ms)  (pid 4246)
Compiled jquery.tn3lite.min.js  (2ms)  (pid 4246)
Compiled jquery.transform2d.js  (1ms)  (pid 4246)
Compiled klass.min.js  (1ms)  (pid 4246)
Compiled load.js  (1ms)  (pid 4246)
Compiled mod.csstransforms.min.js  (0ms)  (pid 4246)
Compiled prettify-jPlayer.js  (1ms)  (pid 4246)
Compiled themeswitcher.js  (0ms)  (pid 4246)
Compiled application.js  (475ms)  (pid 4246)
Compiled jquery.min.js  (3ms)  (pid 4619)
Compiled circle.player.js  (2ms)  (pid 4619)
Compiled code.photoswipe-3.0.5.js  (6ms)  (pid 4619)
Compiled code.photoswipe-3.0.5.min.js  (3ms)  (pid 4619)
Compiled code.photoswipe.jquery-3.0.5.min.js  (3ms)  (pid 4619)
Compiled ga.js  (2ms)  (pid 4619)
Compiled gallery.js  (1ms)  (pid 4619)
Compiled home.js  (0ms)  (pid 4619)
Compiled jplayer.playlist.min.js  (1ms)  (pid 4619)
Compiled jquery.easing.js  (2ms)  (pid 4619)
Compiled jquery.grab.js  (1ms)  (pid 4619)
Compiled jquery.jplayer.inspector.js  (1ms)  (pid 4619)
Compiled jquery.jplayer.min.js  (2ms)  (pid 4619)
Compiled jquery.tn3lite.min.js  (2ms)  (pid 4619)
Compiled jquery.transform2d.js  (1ms)  (pid 4619)
Compiled klass.min.js  (1ms)  (pid 4619)
Compiled load.js  (1ms)  (pid 4619)
Compiled mod.csstransforms.min.js  (0ms)  (pid 4619)
Compiled prettify-jPlayer.js  (1ms)  (pid 4619)
Compiled themeswitcher.js  (0ms)  (pid 4619)
Compiled application.js  (524ms)  (pid 4619)
Compiled jquery.min.js  (3ms)  (pid 4628)
Compiled circle.player.js  (2ms)  (pid 4628)
Compiled code.photoswipe-3.0.5.js  (6ms)  (pid 4628)
Compiled code.photoswipe-3.0.5.min.js  (3ms)  (pid 4628)
Compiled code.photoswipe.jquery-3.0.5.min.js  (3ms)  (pid 4628)
Compiled ga.js  (2ms)  (pid 4628)
Compiled gallery.js  (1ms)  (pid 4628)
Compiled home.js  (0ms)  (pid 4628)
Compiled jplayer.playlist.min.js  (1ms)  (pid 4628)
Compiled jquery.easing.js  (2ms)  (pid 4628)
Compiled jquery.grab.js  (1ms)  (pid 4628)
Compiled jquery.jplayer.inspector.js  (1ms)  (pid 4628)
Compiled jquery.jplayer.min.js  (2ms)  (pid 4628)
Compiled jquery.tn3lite.min.js  (2ms)  (pid 4628)
Compiled jquery.transform2d.js  (1ms)  (pid 4628)
Compiled klass.min.js  (1ms)  (pid 4628)
Compiled load.js  (1ms)  (pid 4628)
Compiled mod.csstransforms.min.js  (1ms)  (pid 4628)
Compiled prettify-jPlayer.js  (1ms)  (pid 4628)
Compiled themeswitcher.js  (0ms)  (pid 4628)
Compiled application.js  (537ms)  (pid 4628)
